2024-12-12 04:51:45,764 p=13778 u=abanez n=ansible | [WARNING]: A duplicate localhost-like entry was found (localhost). First found localhost was 127.0.0.1

2024-12-12 04:51:46,142 p=13778 u=abanez n=ansible | PLAY [all] ***********************************************************************************************************************
2024-12-12 04:51:46,167 p=13778 u=abanez n=ansible | TASK [Gathering Facts] ***********************************************************************************************************
2024-12-12 04:51:46,295 p=13778 u=abanez n=ansible | fatal: [127.0.0.1]: UNREACHABLE! => {"changed": false, "msg": "Failed to connect to the host via ssh: Warning: Permanently added '127.0.0.1' (ED25519) to the list of known hosts.\r\nabanez@127.0.0.1: Permission denied (publickey,password).", "unreachable": true}
2024-12-12 04:51:47,778 p=13778 u=abanez n=ansible | [WARNING]: Platform linux on host localhost is using the discovered Python interpreter at /usr/bin/python3.10, but future
installation of another Python interpreter could change the meaning of that path. See https://docs.ansible.com/ansible-
core/2.17/reference_appendices/interpreter_discovery.html for more information.

2024-12-12 04:51:47,779 p=13778 u=abanez n=ansible | ok: [localhost]
2024-12-12 04:51:47,788 p=13778 u=abanez n=ansible | TASK [include_role : 2PRecuperatorio] ********************************************************************************************
2024-12-12 04:51:47,821 p=13778 u=abanez n=ansible | included: 2PRecuperatorio for localhost
2024-12-12 04:51:47,831 p=13778 u=abanez n=ansible | TASK [2PRecuperatorio : Rol: 2PRecuperatorio] ************************************************************************************
2024-12-12 04:51:47,847 p=13778 u=abanez n=ansible | ok: [localhost] => {
    "msg": "Inicio de tareas dentro del Rol: 2PRecuperatorio"
}
2024-12-12 04:51:47,857 p=13778 u=abanez n=ansible | TASK [2PRecuperatorio : Obtenemos la cantidad de nucleos del CPU] ****************************************************************
2024-12-12 04:51:48,204 p=13778 u=abanez n=ansible | changed: [localhost]
2024-12-12 04:51:48,212 p=13778 u=abanez n=ansible | TASK [2PRecuperatorio : Obtenemos la distribucion de Linux] **********************************************************************
2024-12-12 04:51:48,474 p=13778 u=abanez n=ansible | changed: [localhost]
2024-12-12 04:51:48,484 p=13778 u=abanez n=ansible | TASK [2PRecuperatorio : Crear archivo de datos] **********************************************************************************
2024-12-12 04:51:49,086 p=13778 u=abanez n=ansible | fatal: [localhost]: FAILED! => {"changed": false, "checksum": "002b3830d0c0e355e6fc6829d95a8b7f5e525d7e", "msg": "Destination directory /tmp/alumno does not exist"}
2024-12-12 04:51:49,089 p=13778 u=abanez n=ansible | PLAY RECAP ***********************************************************************************************************************
2024-12-12 04:51:49,089 p=13778 u=abanez n=ansible | 127.0.0.1                  : ok=0    changed=0    unreachable=1    failed=0    skipped=0    rescued=0    ignored=0   
2024-12-12 04:51:49,089 p=13778 u=abanez n=ansible | localhost                  : ok=5    changed=2    unreachable=0    failed=1    skipped=0    rescued=0    ignored=0   
2024-12-12 04:56:58,976 p=14026 u=abanez n=ansible | [WARNING]: A duplicate localhost-like entry was found (localhost). First found localhost was 127.0.0.1

2024-12-12 04:56:59,113 p=14026 u=abanez n=ansible | PLAY [all] ***********************************************************************************************************************
2024-12-12 04:56:59,121 p=14026 u=abanez n=ansible | TASK [Gathering Facts] ***********************************************************************************************************
2024-12-12 04:56:59,401 p=14026 u=abanez n=ansible | fatal: [127.0.0.1]: UNREACHABLE! => {"changed": false, "msg": "Failed to connect to the host via ssh: Warning: Permanently added '127.0.0.1' (ED25519) to the list of known hosts.\r\nabanez@127.0.0.1: Permission denied (publickey,password).", "unreachable": true}
2024-12-12 04:57:00,461 p=14026 u=abanez n=ansible | [WARNING]: Platform linux on host localhost is using the discovered Python interpreter at /usr/bin/python3.10, but future
installation of another Python interpreter could change the meaning of that path. See https://docs.ansible.com/ansible-
core/2.17/reference_appendices/interpreter_discovery.html for more information.

2024-12-12 04:57:00,461 p=14026 u=abanez n=ansible | ok: [localhost]
2024-12-12 04:57:00,470 p=14026 u=abanez n=ansible | TASK [include_role : 2PRecuperatorio] ********************************************************************************************
2024-12-12 04:57:00,499 p=14026 u=abanez n=ansible | included: 2PRecuperatorio for localhost
2024-12-12 04:57:00,508 p=14026 u=abanez n=ansible | TASK [2PRecuperatorio : Rol: 2PRecuperatorio] ************************************************************************************
2024-12-12 04:57:00,523 p=14026 u=abanez n=ansible | ok: [localhost] => {
    "msg": "Inicio de tareas dentro del Rol: 2PRecuperatorio"
}
2024-12-12 04:57:00,533 p=14026 u=abanez n=ansible | TASK [2PRecuperatorio : Obtenemos la cantidad de nucleos del CPU] ****************************************************************
2024-12-12 04:57:00,875 p=14026 u=abanez n=ansible | changed: [localhost]
2024-12-12 04:57:00,883 p=14026 u=abanez n=ansible | TASK [2PRecuperatorio : Obtenemos la distribucion de Linux] **********************************************************************
2024-12-12 04:57:01,143 p=14026 u=abanez n=ansible | changed: [localhost]
2024-12-12 04:57:01,152 p=14026 u=abanez n=ansible | TASK [2PRecuperatorio : Crear archivo de datos] **********************************************************************************
2024-12-12 04:57:01,749 p=14026 u=abanez n=ansible | fatal: [localhost]: FAILED! => {"changed": false, "checksum": "002b3830d0c0e355e6fc6829d95a8b7f5e525d7e", "msg": "Destination directory /tmp/alumno does not exist"}
2024-12-12 04:57:01,750 p=14026 u=abanez n=ansible | PLAY RECAP ***********************************************************************************************************************
2024-12-12 04:57:01,751 p=14026 u=abanez n=ansible | 127.0.0.1                  : ok=0    changed=0    unreachable=1    failed=0    skipped=0    rescued=0    ignored=0   
2024-12-12 04:57:01,751 p=14026 u=abanez n=ansible | localhost                  : ok=5    changed=2    unreachable=0    failed=1    skipped=0    rescued=0    ignored=0   
2024-12-12 05:01:58,956 p=14249 u=abanez n=ansible | [WARNING]: A duplicate localhost-like entry was found (localhost). First found localhost was 127.0.0.1

2024-12-12 05:01:59,091 p=14249 u=abanez n=ansible | PLAY [all] ****************************************************************************************************************************
2024-12-12 05:01:59,099 p=14249 u=abanez n=ansible | TASK [Gathering Facts] ****************************************************************************************************************
2024-12-12 05:01:59,199 p=14249 u=abanez n=ansible | fatal: [127.0.0.1]: UNREACHABLE! => {"changed": false, "msg": "Failed to connect to the host via ssh: Warning: Permanently added '127.0.0.1' (ED25519) to the list of known hosts.\r\nabanez@127.0.0.1: Permission denied (publickey,password).", "unreachable": true}
2024-12-12 05:02:00,440 p=14249 u=abanez n=ansible | [WARNING]: Platform linux on host localhost is using the discovered Python interpreter at /usr/bin/python3.10, but future installation
of another Python interpreter could change the meaning of that path. See https://docs.ansible.com/ansible-
core/2.17/reference_appendices/interpreter_discovery.html for more information.

2024-12-12 05:02:00,440 p=14249 u=abanez n=ansible | ok: [localhost]
2024-12-12 05:02:00,450 p=14249 u=abanez n=ansible | TASK [include_role : 2PRecuperatorio] *************************************************************************************************
2024-12-12 05:02:00,476 p=14249 u=abanez n=ansible | included: 2PRecuperatorio for localhost
2024-12-12 05:02:00,484 p=14249 u=abanez n=ansible | TASK [2PRecuperatorio : Crear directorio /tmp/alumno] *********************************************************************************
2024-12-12 05:02:00,839 p=14249 u=abanez n=ansible | changed: [localhost]
2024-12-12 05:02:00,849 p=14249 u=abanez n=ansible | TASK [2PRecuperatorio : Crear archivo de datos] ***************************************************************************************
2024-12-12 05:02:01,446 p=14249 u=abanez n=ansible | changed: [localhost]
2024-12-12 05:02:01,462 p=14249 u=abanez n=ansible | TASK [include_role : Alta_Usuarios_Banez] *********************************************************************************************
2024-12-12 05:02:01,494 p=14249 u=abanez n=ansible | included: Alta_Usuarios_Banez for localhost
2024-12-12 05:02:01,504 p=14249 u=abanez n=ansible | TASK [Alta_Usuarios_Banez : Nos fijamos si los grupos existen] ************************************************************************
2024-12-12 05:02:01,862 p=14249 u=abanez n=ansible | failed: [localhost] (item=GProfesores) => {"ansible_loop_var": "item", "changed": false, "item": "GProfesores", "msg": "groupadd: Permission denied.\ngroupadd: cannot lock /etc/group; try again later.\n", "name": "GProfesores"}
2024-12-12 05:02:02,078 p=14249 u=abanez n=ansible | failed: [localhost] (item=GAlumnos) => {"ansible_loop_var": "item", "changed": false, "item": "GAlumnos", "msg": "groupadd: Permission denied.\ngroupadd: cannot lock /etc/group; try again later.\n", "name": "GAlumnos"}
2024-12-12 05:02:02,081 p=14249 u=abanez n=ansible | PLAY RECAP ****************************************************************************************************************************
2024-12-12 05:02:02,081 p=14249 u=abanez n=ansible | 127.0.0.1                  : ok=0    changed=0    unreachable=1    failed=0    skipped=0    rescued=0    ignored=0   
2024-12-12 05:02:02,081 p=14249 u=abanez n=ansible | localhost                  : ok=5    changed=2    unreachable=0    failed=1    skipped=0    rescued=0    ignored=0   
2024-12-12 05:20:17,006 p=14565 u=abanez n=ansible | [WARNING]: A duplicate localhost-like entry was found (localhost). First found localhost was 127.0.0.1

2024-12-12 05:20:17,132 p=14565 u=abanez n=ansible | PLAY [all] *************************************************************************************************************************
2024-12-12 05:20:17,140 p=14565 u=abanez n=ansible | TASK [Gathering Facts] *************************************************************************************************************
2024-12-12 05:20:17,408 p=14565 u=abanez n=ansible | fatal: [127.0.0.1]: UNREACHABLE! => {"changed": false, "msg": "Failed to connect to the host via ssh: Warning: Permanently added '127.0.0.1' (ED25519) to the list of known hosts.\r\nabanez@127.0.0.1: Permission denied (publickey,password).", "unreachable": true}
2024-12-12 05:20:18,463 p=14565 u=abanez n=ansible | [WARNING]: Platform linux on host localhost is using the discovered Python interpreter at /usr/bin/python3.10, but future
installation of another Python interpreter could change the meaning of that path. See https://docs.ansible.com/ansible-
core/2.17/reference_appendices/interpreter_discovery.html for more information.

2024-12-12 05:20:18,464 p=14565 u=abanez n=ansible | ok: [localhost]
2024-12-12 05:20:18,474 p=14565 u=abanez n=ansible | TASK [include_role : 2PRecuperatorio] **********************************************************************************************
2024-12-12 05:20:18,501 p=14565 u=abanez n=ansible | included: 2PRecuperatorio for localhost
2024-12-12 05:20:18,509 p=14565 u=abanez n=ansible | TASK [2PRecuperatorio : Crear directorio /tmp/alumno] ******************************************************************************
2024-12-12 05:20:18,858 p=14565 u=abanez n=ansible | changed: [localhost]
2024-12-12 05:20:18,867 p=14565 u=abanez n=ansible | TASK [2PRecuperatorio : Crear archivo de datos] ************************************************************************************
2024-12-12 05:20:19,460 p=14565 u=abanez n=ansible | changed: [localhost]
2024-12-12 05:20:19,476 p=14565 u=abanez n=ansible | TASK [include_role : Alta_Usuarios_Banez] ******************************************************************************************
2024-12-12 05:20:19,505 p=14565 u=abanez n=ansible | included: Alta_Usuarios_Banez for localhost
2024-12-12 05:20:19,514 p=14565 u=abanez n=ansible | TASK [Alta_Usuarios_Banez : Nos fijamos si los grupos existen] *********************************************************************
2024-12-12 05:20:19,969 p=14565 u=abanez n=ansible | failed: [localhost] (item=GProfesores) => {"ansible_loop_var": "item", "changed": false, "item": "GProfesores", "msg": "groupadd: Permission denied.\ngroupadd: cannot lock /etc/group; try again later.\n", "name": "GProfesores"}
2024-12-12 05:20:20,278 p=14565 u=abanez n=ansible | failed: [localhost] (item=GAlumnos) => {"ansible_loop_var": "item", "changed": false, "item": "GAlumnos", "msg": "groupadd: Permission denied.\ngroupadd: cannot lock /etc/group; try again later.\n", "name": "GAlumnos"}
2024-12-12 05:20:20,283 p=14565 u=abanez n=ansible | PLAY RECAP *************************************************************************************************************************
2024-12-12 05:20:20,285 p=14565 u=abanez n=ansible | 127.0.0.1                  : ok=0    changed=0    unreachable=1    failed=0    skipped=0    rescued=0    ignored=0   
2024-12-12 05:20:20,286 p=14565 u=abanez n=ansible | localhost                  : ok=5    changed=2    unreachable=0    failed=1    skipped=0    rescued=0    ignored=0   
2024-12-12 05:33:27,044 p=14850 u=abanez n=ansible | [WARNING]: A duplicate localhost-like entry was found (localhost). First found localhost was 127.0.0.1

2024-12-12 05:33:27,189 p=14850 u=abanez n=ansible | PLAY [all] *************************************************************************************************************************
2024-12-12 05:33:27,198 p=14850 u=abanez n=ansible | TASK [Gathering Facts] *************************************************************************************************************
2024-12-12 05:33:27,473 p=14850 u=abanez n=ansible | fatal: [127.0.0.1]: UNREACHABLE! => {"changed": false, "msg": "Failed to connect to the host via ssh: Warning: Permanently added '127.0.0.1' (ED25519) to the list of known hosts.\r\nabanez@127.0.0.1: Permission denied (publickey,password).", "unreachable": true}
2024-12-12 05:33:28,537 p=14850 u=abanez n=ansible | [WARNING]: Platform linux on host localhost is using the discovered Python interpreter at /usr/bin/python3.10, but future
installation of another Python interpreter could change the meaning of that path. See https://docs.ansible.com/ansible-
core/2.17/reference_appendices/interpreter_discovery.html for more information.

2024-12-12 05:33:28,537 p=14850 u=abanez n=ansible | ok: [localhost]
2024-12-12 05:33:28,547 p=14850 u=abanez n=ansible | TASK [include_role : 2PRecuperatorio] **********************************************************************************************
2024-12-12 05:33:28,572 p=14850 u=abanez n=ansible | included: 2PRecuperatorio for localhost
2024-12-12 05:33:28,579 p=14850 u=abanez n=ansible | TASK [2PRecuperatorio : Crear directorio /tmp/alumno] ******************************************************************************
2024-12-12 05:33:28,956 p=14850 u=abanez n=ansible | ok: [localhost]
2024-12-12 05:33:28,965 p=14850 u=abanez n=ansible | TASK [2PRecuperatorio : Crear archivo de datos] ************************************************************************************
2024-12-12 05:33:29,520 p=14850 u=abanez n=ansible | ok: [localhost]
2024-12-12 05:33:29,536 p=14850 u=abanez n=ansible | TASK [include_role : Alta_Usuarios_Banez] ******************************************************************************************
2024-12-12 05:33:29,565 p=14850 u=abanez n=ansible | included: Alta_Usuarios_Banez for localhost
2024-12-12 05:33:29,576 p=14850 u=abanez n=ansible | TASK [Alta_Usuarios_Banez : Nos fijamos si los grupos existen] *********************************************************************
2024-12-12 05:33:29,944 p=14850 u=abanez n=ansible | failed: [localhost] (item=GProfesores) => {"ansible_loop_var": "item", "changed": false, "item": "GProfesores", "msg": "groupadd: Permission denied.\ngroupadd: cannot lock /etc/group; try again later.\n", "name": "GProfesores"}
2024-12-12 05:33:30,168 p=14850 u=abanez n=ansible | failed: [localhost] (item=GAlumnos) => {"ansible_loop_var": "item", "changed": false, "item": "GAlumnos", "msg": "groupadd: Permission denied.\ngroupadd: cannot lock /etc/group; try again later.\n", "name": "GAlumnos"}
2024-12-12 05:33:30,172 p=14850 u=abanez n=ansible | PLAY RECAP *************************************************************************************************************************
2024-12-12 05:33:30,172 p=14850 u=abanez n=ansible | 127.0.0.1                  : ok=0    changed=0    unreachable=1    failed=0    skipped=0    rescued=0    ignored=0   
2024-12-12 05:33:30,172 p=14850 u=abanez n=ansible | localhost                  : ok=5    changed=0    unreachable=0    failed=1    skipped=0    rescued=0    ignored=0   
2024-12-12 05:39:25,451 p=15098 u=abanez n=ansible | [WARNING]: A duplicate localhost-like entry was found (localhost). First found localhost was 127.0.0.1

2024-12-12 05:39:25,577 p=15098 u=abanez n=ansible | PLAY [all] *************************************************************************************************************************
2024-12-12 05:39:25,585 p=15098 u=abanez n=ansible | TASK [Gathering Facts] *************************************************************************************************************
2024-12-12 05:39:25,877 p=15098 u=abanez n=ansible | fatal: [127.0.0.1]: UNREACHABLE! => {"changed": false, "msg": "Failed to connect to the host via ssh: Warning: Permanently added '127.0.0.1' (ED25519) to the list of known hosts.\r\nabanez@127.0.0.1: Permission denied (publickey,password).", "unreachable": true}
2024-12-12 05:39:26,929 p=15098 u=abanez n=ansible | [WARNING]: Platform linux on host localhost is using the discovered Python interpreter at /usr/bin/python3.10, but future
installation of another Python interpreter could change the meaning of that path. See https://docs.ansible.com/ansible-
core/2.17/reference_appendices/interpreter_discovery.html for more information.

2024-12-12 05:39:26,930 p=15098 u=abanez n=ansible | ok: [localhost]
2024-12-12 05:39:26,938 p=15098 u=abanez n=ansible | TASK [include_role : 2PRecuperatorio] **********************************************************************************************
2024-12-12 05:39:26,964 p=15098 u=abanez n=ansible | included: 2PRecuperatorio for localhost
2024-12-12 05:39:26,971 p=15098 u=abanez n=ansible | TASK [2PRecuperatorio : Crear directorio /tmp/alumno] ******************************************************************************
2024-12-12 05:39:27,330 p=15098 u=abanez n=ansible | ok: [localhost]
2024-12-12 05:39:27,339 p=15098 u=abanez n=ansible | TASK [2PRecuperatorio : Crear archivo de datos] ************************************************************************************
2024-12-12 05:39:27,857 p=15098 u=abanez n=ansible | ok: [localhost]
2024-12-12 05:39:27,871 p=15098 u=abanez n=ansible | TASK [include_role : Alta_Usuarios_Banez] ******************************************************************************************
2024-12-12 05:39:27,899 p=15098 u=abanez n=ansible | included: Alta_Usuarios_Banez for localhost
2024-12-12 05:39:27,908 p=15098 u=abanez n=ansible | TASK [Alta_Usuarios_Banez : Nos fijamos si los grupos existen] *********************************************************************
2024-12-12 05:39:28,297 p=15098 u=abanez n=ansible | changed: [localhost] => (item=GProfesores)
2024-12-12 05:39:28,578 p=15098 u=abanez n=ansible | changed: [localhost] => (item=GAlumnos)
2024-12-12 05:39:28,592 p=15098 u=abanez n=ansible | TASK [Alta_Usuarios_Banez : Crear usuarios] ****************************************************************************************
2024-12-12 05:39:29,135 p=15098 u=abanez n=ansible | changed: [localhost] => (item={'name': 'Profesor', 'group': 'GProfesores'})
2024-12-12 05:39:29,452 p=15098 u=abanez n=ansible | changed: [localhost] => (item={'name': 'Alumno', 'group': 'GAlumnos'})
2024-12-12 05:39:29,473 p=15098 u=abanez n=ansible | TASK [include_role : Sudoers_Banez] ************************************************************************************************
2024-12-12 05:39:29,501 p=15098 u=abanez n=ansible | included: Sudoers_Banez for localhost
2024-12-12 05:39:29,513 p=15098 u=abanez n=ansible | TASK [Sudoers_Banez : Agregamos al grupo GProfesores para que ejecute sudo sin clave] **********************************************
2024-12-12 05:39:29,881 p=15098 u=abanez n=ansible | changed: [localhost]
2024-12-12 05:39:29,898 p=15098 u=abanez n=ansible | TASK [include_role : Instala-tools_Banez] ******************************************************************************************
2024-12-12 05:39:29,930 p=15098 u=abanez n=ansible | included: Instala-tools_Banez for localhost
2024-12-12 05:39:29,945 p=15098 u=abanez n=ansible | TASK [Instala-tools_Banez : Instalar los siguientes programas requereidos] *********************************************************
2024-12-12 05:39:31,229 p=15098 u=abanez n=ansible | fatal: [localhost]: FAILED! => {"changed": false, "msg": "'/usr/bin/apt-mark manual htop tmux tree speedtest-cli' failed: E: Could not create temporary file for /var/lib/apt/extended_states - mkstemp (13: Permission denied)\nE: Failed to write temporary StateFile /var/lib/apt/extended_states\n", "rc": 100, "stderr": "E: Could not create temporary file for /var/lib/apt/extended_states - mkstemp (13: Permission denied)\nE: Failed to write temporary StateFile /var/lib/apt/extended_states\n", "stderr_lines": ["E: Could not create temporary file for /var/lib/apt/extended_states - mkstemp (13: Permission denied)", "E: Failed to write temporary StateFile /var/lib/apt/extended_states"], "stdout": "tree can not be marked as it is not installed.\nspeedtest-cli can not be marked as it is not installed.\n", "stdout_lines": ["tree can not be marked as it is not installed.", "speedtest-cli can not be marked as it is not installed."]}
2024-12-12 05:39:31,231 p=15098 u=abanez n=ansible | PLAY RECAP *************************************************************************************************************************
2024-12-12 05:39:31,232 p=15098 u=abanez n=ansible | 127.0.0.1                  : ok=0    changed=0    unreachable=1    failed=0    skipped=0    rescued=0    ignored=0   
2024-12-12 05:39:31,232 p=15098 u=abanez n=ansible | localhost                  : ok=10   changed=3    unreachable=0    failed=1    skipped=0    rescued=0    ignored=0   
2024-12-12 05:41:57,385 p=15495 u=abanez n=ansible | [WARNING]: A duplicate localhost-like entry was found (localhost). First found localhost was 127.0.0.1

2024-12-12 05:41:57,519 p=15495 u=abanez n=ansible | PLAY [all] *************************************************************************************************************************
2024-12-12 05:41:57,527 p=15495 u=abanez n=ansible | TASK [Gathering Facts] *************************************************************************************************************
2024-12-12 05:41:57,625 p=15495 u=abanez n=ansible | fatal: [127.0.0.1]: UNREACHABLE! => {"changed": false, "msg": "Failed to connect to the host via ssh: Warning: Permanently added '127.0.0.1' (ED25519) to the list of known hosts.\r\nabanez@127.0.0.1: Permission denied (publickey,password).", "unreachable": true}
2024-12-12 05:41:58,857 p=15495 u=abanez n=ansible | [WARNING]: Platform linux on host localhost is using the discovered Python interpreter at /usr/bin/python3.10, but future
installation of another Python interpreter could change the meaning of that path. See https://docs.ansible.com/ansible-
core/2.17/reference_appendices/interpreter_discovery.html for more information.

2024-12-12 05:41:58,857 p=15495 u=abanez n=ansible | ok: [localhost]
2024-12-12 05:41:58,868 p=15495 u=abanez n=ansible | TASK [include_role : 2PRecuperatorio] **********************************************************************************************
2024-12-12 05:41:58,894 p=15495 u=abanez n=ansible | included: 2PRecuperatorio for localhost
2024-12-12 05:41:58,904 p=15495 u=abanez n=ansible | TASK [2PRecuperatorio : Crear directorio /tmp/alumno] ******************************************************************************
2024-12-12 05:41:59,253 p=15495 u=abanez n=ansible | ok: [localhost]
2024-12-12 05:41:59,262 p=15495 u=abanez n=ansible | TASK [2PRecuperatorio : Crear archivo de datos] ************************************************************************************
2024-12-12 05:41:59,801 p=15495 u=abanez n=ansible | ok: [localhost]
2024-12-12 05:41:59,817 p=15495 u=abanez n=ansible | TASK [include_role : Alta_Usuarios_Banez] ******************************************************************************************
2024-12-12 05:41:59,848 p=15495 u=abanez n=ansible | included: Alta_Usuarios_Banez for localhost
2024-12-12 05:41:59,858 p=15495 u=abanez n=ansible | TASK [Alta_Usuarios_Banez : Nos fijamos si los grupos existen] *********************************************************************
2024-12-12 05:42:00,260 p=15495 u=abanez n=ansible | ok: [localhost] => (item=GProfesores)
2024-12-12 05:42:00,610 p=15495 u=abanez n=ansible | ok: [localhost] => (item=GAlumnos)
2024-12-12 05:42:00,624 p=15495 u=abanez n=ansible | TASK [Alta_Usuarios_Banez : Crear usuarios] ****************************************************************************************
2024-12-12 05:42:01,172 p=15495 u=abanez n=ansible | ok: [localhost] => (item={'name': 'Profesor', 'group': 'GProfesores'})
2024-12-12 05:42:01,488 p=15495 u=abanez n=ansible | ok: [localhost] => (item={'name': 'Alumno', 'group': 'GAlumnos'})
2024-12-12 05:42:01,507 p=15495 u=abanez n=ansible | TASK [include_role : Sudoers_Banez] ************************************************************************************************
2024-12-12 05:42:01,536 p=15495 u=abanez n=ansible | included: Sudoers_Banez for localhost
2024-12-12 05:42:01,547 p=15495 u=abanez n=ansible | TASK [Sudoers_Banez : Agregamos al grupo GProfesores para que ejecute sudo sin clave] **********************************************
2024-12-12 05:42:01,909 p=15495 u=abanez n=ansible | ok: [localhost]
2024-12-12 05:42:01,924 p=15495 u=abanez n=ansible | TASK [include_role : Instala-tools_Banez] ******************************************************************************************
2024-12-12 05:42:01,954 p=15495 u=abanez n=ansible | included: Instala-tools_Banez for localhost
2024-12-12 05:42:01,966 p=15495 u=abanez n=ansible | TASK [Instala-tools_Banez : Instalar los siguientes programas requereidos] *********************************************************
2024-12-12 05:42:09,816 p=15495 u=abanez n=ansible | changed: [localhost]
2024-12-12 05:42:09,830 p=15495 u=abanez n=ansible | TASK [Otra tarea] ******************************************************************************************************************
2024-12-12 05:42:09,848 p=15495 u=abanez n=ansible | ok: [localhost] => {
    "msg": "Despues de la ejecucion del rol"
}
2024-12-12 05:42:09,850 p=15495 u=abanez n=ansible | PLAY RECAP *************************************************************************************************************************
2024-12-12 05:42:09,850 p=15495 u=abanez n=ansible | 127.0.0.1                  : ok=0    changed=0    unreachable=1    failed=0    skipped=0    rescued=0    ignored=0   
2024-12-12 05:42:09,850 p=15495 u=abanez n=ansible | localhost                  : ok=12   changed=1    unreachable=0    failed=0    skipped=0    rescued=0    ignored=0   
